# JRE version: Java(TM) SE Runtime Environment (7.0_72-b14) (build 1.7.0_72-b14)
# Java VM: Java HotSpot(TM) 64-Bit Server VM (24.72-b04 mixed mode windows-amd64 compressed oops)
Heap
 PSYoungGen      total 106496K, used 76958K [0x00000000eaa80000, 0x00000000f8080000, 0x0000000100000000)
  eden space 98304K, 69% used [0x00000000eaa80000,0x00000000eedab738,0x00000000f0a80000)
  from space 8192K, 99% used [0x00000000f0a80000,0x00000000f127c320,0x00000000f1280000)
  to   space 11264K, 0% used [0x00000000f7580000,0x00000000f7580000,0x00000000f8080000)
 ParOldGen       total 62464K, used 14587K [0x00000000c0000000, 0x00000000c3d00000, 0x00000000eaa80000)
  object space 62464K, 23% used [0x00000000c0000000,0x00000000c0e3eca8,0x00000000c3d00000)
 PSPermGen       total 30720K, used 30707K [0x00000000b0000000, 0x00000000b1e00000, 0x00000000c0000000)
  object space 30720K, 99% used [0x00000000b0000000,0x00000000b1dfce98,0x00000000b1e00000)
GC Heap History (10 events):
Event: 11.490 GC heap before
{Heap before GC invocations=3 (full 0):
 PSYoungGen      total 28160K, used 28131K [0x00000000eaa80000, 0x00000000ec980000, 0x0000000100000000)
  eden space 24576K, 100% used [0x00000000eaa80000,0x00000000ec280000,0x00000000ec280000)
  from space 3584K, 99% used [0x00000000ec600000,0x00000000ec978c28,0x00000000ec980000)
  to   space 3584K, 0% used [0x00000000ec280000,0x00000000ec280000,0x00000000ec600000)
 ParOldGen       total 62464K, used 1251K [0x00000000c0000000, 0x00000000c3d00000, 0x00000000eaa80000)
  object space 62464K, 2% used [0x00000000c0000000,0x00000000c0138ca0,0x00000000c3d00000)
 PSPermGen       total 21504K, used 15829K [0x00000000b0000000, 0x00000000b1500000, 0x00000000c0000000)
  object space 21504K, 73% used [0x00000000b0000000,0x00000000b0f756f8,0x00000000b1500000)
Event: 11.780 GC heap after
Heap after GC invocations=3 (full 0):
 PSYoungGen      total 28160K, used 3584K [0x00000000eaa80000, 0x00000000ee180000, 0x0000000100000000)
  eden space 24576K, 0% used [0x00000000eaa80000,0x00000000eaa80000,0x00000000ec280000)
  from space 3584K, 100% used [0x00000000ec280000,0x00000000ec600000,0x00000000ec600000)
  to   space 3584K, 0% used [0x00000000ede00000,0x00000000ede00000,0x00000000ee180000)
 ParOldGen       total 62464K, used 4813K [0x00000000c0000000, 0x00000000c3d00000, 0x00000000eaa80000)
  object space 62464K, 7% used [0x00000000c0000000,0x00000000c04b3578,0x00000000c3d00000)
 PSPermGen       total 21504K, used 15829K [0x00000000b0000000, 0x00000000b1500000, 0x00000000c0000000)
  object space 21504K, 73% used [0x00000000b0000000,0x00000000b0f756f8,0x00000000b1500000)
}
Event: 15.140 GC heap before
{Heap before GC invocations=4 (full 0):
 PSYoungGen      total 28160K, used 28160K [0x00000000eaa80000, 0x00000000ee180000, 0x0000000100000000)
  eden space 24576K, 100% used [0x00000000eaa80000,0x00000000ec280000,0x00000000ec280000)
  from space 3584K, 100% used [0x00000000ec280000,0x00000000ec600000,0x00000000ec600000)
  to   space 3584K, 0% used [0x00000000ede00000,0x00000000ede00000,0x00000000ee180000)
 ParOldGen       total 62464K, used 4813K [0x00000000c0000000, 0x00000000c3d00000, 0x00000000eaa80000)
  object space 62464K, 7% used [0x00000000c0000000,0x00000000c04b3578,0x00000000c3d00000)
 PSPermGen       total 21504K, used 18908K [0x00000000b0000000, 0x00000000b1500000, 0x00000000c0000000)
  object space 21504K, 87% used [0x00000000b0000000,0x00000000b1277330,0x00000000b1500000)
Event: 15.163 GC heap after
Heap after GC invocations=4 (full 0):
 PSYoungGen      total 52736K, used 3552K [0x00000000eaa80000, 0x00000000ee180000, 0x0000000100000000)
  eden space 49152K, 0% used [0x00000000eaa80000,0x00000000eaa80000,0x00000000eda80000)
  from space 3584K, 99% used [0x00000000ede00000,0x00000000ee178020,0x00000000ee180000)
  to   space 3584K, 0% used [0x00000000eda80000,0x00000000eda80000,0x00000000ede00000)
 ParOldGen       total 62464K, used 8088K [0x00000000c0000000, 0x00000000c3d00000, 0x00000000eaa80000)
  object space 62464K, 12% used [0x00000000c0000000,0x00000000c07e61d0,0x00000000c3d00000)
 PSPermGen       total 21504K, used 18908K [0x00000000b0000000, 0x00000000b1500000, 0x00000000c0000000)
  object space 21504K, 87% used [0x00000000b0000000,0x00000000b1277330,0x00000000b1500000)
}
Event: 16.940 GC heap before
{Heap before GC invocations=5 (full 0):
 PSYoungGen      total 52736K, used 52704K [0x00000000eaa80000, 0x00000000ee180000, 0x0000000100000000)
  eden space 49152K, 100% used [0x00000000eaa80000,0x00000000eda80000,0x00000000eda80000)
  from space 3584K, 99% used [0x00000000ede00000,0x00000000ee178020,0x00000000ee180000)
  to   space 3584K, 0% used [0x00000000eda80000,0x00000000eda80000,0x00000000ede00000)
 ParOldGen       total 62464K, used 8088K [0x00000000c0000000, 0x00000000c3d00000, 0x00000000eaa80000)
  object space 62464K, 12% used [0x00000000c0000000,0x00000000c07e61d0,0x00000000c3d00000)
 PSPermGen       total 21504K, used 20286K [0x00000000b0000000, 0x00000000b1500000, 0x00000000c0000000)
  object space 21504K, 94% used [0x00000000b0000000,0x00000000b13cf8b0,0x00000000b1500000)
Event: 17.005 GC heap after
Heap after GC invocations=5 (full 0):
 PSYoungGen      total 52736K, used 3568K [0x00000000eaa80000, 0x00000000f1a80000, 0x0000000100000000)
  eden space 49152K, 0% used [0x00000000eaa80000,0x00000000eaa80000,0x00000000eda80000)
  from space 3584K, 99% used [0x00000000eda80000,0x00000000eddfc010,0x00000000ede00000)
  to   space 8192K, 0% used [0x00000000f1280000,0x00000000f1280000,0x00000000f1a80000)
 ParOldGen       total 62464K, used 10082K [0x00000000c0000000, 0x00000000c3d00000, 0x00000000eaa80000)
  object space 62464K, 16% used [0x00000000c0000000,0x00000000c09d8a30,0x00000000c3d00000)
 PSPermGen       total 21504K, used 20286K [0x00000000b0000000, 0x00000000b1500000, 0x00000000c0000000)
  object space 21504K, 94% used [0x00000000b0000000,0x00000000b13cf8b0,0x00000000b1500000)
}
Event: 17.376 GC heap before
{Heap before GC invocations=6 (full 0):
 PSYoungGen      total 52736K, used 52720K [0x00000000eaa80000, 0x00000000f1a80000, 0x0000000100000000)
  eden space 49152K, 100% used [0x00000000eaa80000,0x00000000eda80000,0x00000000eda80000)
  from space 3584K, 99% used [0x00000000eda80000,0x00000000eddfc010,0x00000000ede00000)
  to   space 8192K, 0% used [0x00000000f1280000,0x00000000f1280000,0x00000000f1a80000)
 ParOldGen       total 62464K, used 10082K [0x00000000c0000000, 0x00000000c3d00000, 0x00000000eaa80000)
  object space 62464K, 16% used [0x00000000c0000000,0x00000000c09d8a30,0x00000000c3d00000)
 PSPermGen       total 21504K, used 20292K [0x00000000b0000000, 0x00000000b1500000, 0x00000000c0000000)
  object space 21504K, 94% used [0x00000000b0000000,0x00000000b13d12b0,0x00000000b1500000)
Event: 17.390 GC heap after
Heap after GC invocations=6 (full 0):
 PSYoungGen      total 106496K, used 3856K [0x00000000eaa80000, 0x00000000f1a80000, 0x0000000100000000)
  eden space 98304K, 0% used [0x00000000eaa80000,0x00000000eaa80000,0x00000000f0a80000)
  from space 8192K, 47% used [0x00000000f1280000,0x00000000f1644030,0x00000000f1a80000)
  to   space 8192K, 0% used [0x00000000f0a80000,0x00000000f0a80000,0x00000000f1280000)
 ParOldGen       total 62464K, used 10082K [0x00000000c0000000, 0x00000000c3d00000, 0x00000000eaa80000)
  object space 62464K, 16% used [0x00000000c0000000,0x00000000c09d8a30,0x00000000c3d00000)
 PSPermGen       total 21504K, used 20292K [0x00000000b0000000, 0x00000000b1500000, 0x00000000c0000000)
  object space 21504K, 94% used [0x00000000b0000000,0x00000000b13d12b0,0x00000000b1500000)
}
Event: 23.668 GC heap before
{Heap before GC invocations=7 (full 0):
 PSYoungGen      total 106496K, used 102160K [0x00000000eaa80000, 0x00000000f1a80000, 0x0000000100000000)
  eden space 98304K, 100% used [0x00000000eaa80000,0x00000000f0a80000,0x00000000f0a80000)
  from space 8192K, 47% used [0x00000000f1280000,0x00000000f1644030,0x00000000f1a80000)
  to   space 8192K, 0% used [0x00000000f0a80000,0x00000000f0a80000,0x00000000f1280000)
 ParOldGen       total 62464K, used 10082K [0x00000000c0000000, 0x00000000c3d00000, 0x00000000eaa80000)
  object space 62464K, 16% used [0x00000000c0000000,0x00000000c09d8a30,0x00000000c3d00000)
 PSPermGen       total 27136K, used 26951K [0x00000000b0000000, 0x00000000b1a80000, 0x00000000c0000000)
  object space 27136K, 99% used [0x00000000b0000000,0x00000000b1a51fd8,0x00000000b1a80000)
Event: 23.712 GC heap after
Heap after GC invocations=7 (full 0):
 PSYoungGen      total 106496K, used 8176K [0x00000000eaa80000, 0x00000000f8080000, 0x0000000100000000)
  eden space 98304K, 0% used [0x00000000eaa80000,0x00000000eaa80000,0x00000000f0a80000)
  from space 8192K, 99% used [0x00000000f0a80000,0x00000000f127c320,0x00000000f1280000)
  to   space 11264K, 0% used [0x00000000f7580000,0x00000000f7580000,0x00000000f8080000)
 ParOldGen       total 62464K, used 14587K [0x00000000c0000000, 0x00000000c3d00000, 0x00000000eaa80000)
  object space 62464K, 23% used [0x00000000c0000000,0x00000000c0e3eca8,0x00000000c3d00000)
 PSPermGen       total 27136K, used 26951K [0x00000000b0000000, 0x00000000b1a80000, 0x00000000c0000000)
  object space 27136K, 99% used [0x00000000b0000000,0x00000000b1a51fd8,0x00000000b1a80000)
}

